<?xml version="1.0" encoding="UTF-8"?>
<!-- Generated by org.testng.reporters.JUnitReportReporter -->
<testsuite hostname="Shree" failures="0" tests="2" name="test.BaseTest" time="17.072" errors="0" timestamp="2024-02-25T20:34:32 IST" skipped="0">
  <testcase classname="test.BaseTest" name="launchApplication" time="7.338"/>
  <system-out/>
  <testcase classname="test.BaseTest" name="verifySubscriptions" time="9.734"/>
  <system-out/>
</testsuite> <!-- test.BaseTest -->
